Determining if the pthread_create exist failed with the following output:
Change Dir: /home/homam/Capstone/build/CMakeFiles/CMakeTmp

Run Build Command:"/usr/bin/make" "cmTC_d8677/fast"
/usr/bin/make -f CMakeFiles/cmTC_d8677.dir/build.make CMakeFiles/cmTC_d8677.dir/build
make[1]: Entering directory '/home/homam/Capstone/build/CMakeFiles/CMakeTmp'
Building C object CMakeFiles/cmTC_d8677.dir/CheckSymbolExists.c.o
/usr/bin/cc    -o CMakeFiles/cmTC_d8677.dir/CheckSymbolExists.c.o   -c /home/homam/Capstone/build/CMakeFiles/CMakeTmp/CheckSymbolExists.c
Linking C executable cmTC_d8677
/usr/bin/cmake -E cmake_link_script CMakeFiles/cmTC_d8677.dir/link.txt --verbose=1
/usr/bin/cc      -rdynamic CMakeFiles/cmTC_d8677.dir/CheckSymbolExists.c.o  -o cmTC_d8677 
CMakeFiles/cmTC_d8677.dir/CheckSymbolExists.c.o: In function `main':
CheckSymbolExists.c:(.text+0x14): undefined reference to `pthread_create'
CheckSymbolExists.c:(.text+0x18): undefined reference to `pthread_create'
collect2: error: ld returned 1 exit status
CMakeFiles/cmTC_d8677.dir/build.make:97: recipe for target 'cmTC_d8677' failed
make[1]: *** [cmTC_d8677] Error 1
make[1]: Leaving directory '/home/homam/Capstone/build/CMakeFiles/CMakeTmp'
Makefile:126: recipe for target 'cmTC_d8677/fast' failed
make: *** [cmTC_d8677/fast] Error 2

File /home/homam/Capstone/build/CMakeFiles/CMakeTmp/CheckSymbolExists.c:
/* */
#include <pthread.h>

int main(int argc, char** argv)
{
  (void)argv;
#ifndef pthread_create
  return ((int*)(&pthread_create))[argc];
#else
  (void)argc;
  return 0;
#endif
}

Determining if the function pthread_create exists in the pthreads failed with the following output:
Change Dir: /home/homam/Capstone/build/CMakeFiles/CMakeTmp

Run Build Command:"/usr/bin/make" "cmTC_75dea/fast"
/usr/bin/make -f CMakeFiles/cmTC_75dea.dir/build.make CMakeFiles/cmTC_75dea.dir/build
make[1]: Entering directory '/home/homam/Capstone/build/CMakeFiles/CMakeTmp'
Building C object CMakeFiles/cmTC_75dea.dir/CheckFunctionExists.c.o
/usr/bin/cc   -DCHECK_FUNCTION_EXISTS=pthread_create   -o CMakeFiles/cmTC_75dea.dir/CheckFunctionExists.c.o   -c /usr/share/cmake-3.10/Modules/CheckFunctionExists.c
Linking C executable cmTC_75dea
/usr/bin/cmake -E cmake_link_script CMakeFiles/cmTC_75dea.dir/link.txt --verbose=1
/usr/bin/cc  -DCHECK_FUNCTION_EXISTS=pthread_create    -rdynamic CMakeFiles/cmTC_75dea.dir/CheckFunctionExists.c.o  -o cmTC_75dea -lpthreads 
/usr/bin/ld: cannot find -lpthreads
collect2: error: ld returned 1 exit status
CMakeFiles/cmTC_75dea.dir/build.make:97: recipe for target 'cmTC_75dea' failed
make[1]: *** [cmTC_75dea] Error 1
make[1]: Leaving directory '/home/homam/Capstone/build/CMakeFiles/CMakeTmp'
Makefile:126: recipe for target 'cmTC_75dea/fast' failed
make: *** [cmTC_75dea/fast] Error 2


